<?xml version="1.0" encoding="UTF-8"?>
<testsuite xmlns:xsi="http://www.w3.org/2001/XMLSchema-instance" xsi:noNamespaceSchemaLocation="https://maven.apache.org/surefire/maven-surefire-plugin/xsd/surefire-test-report-3.0.xsd" version="3.0" name="pippo.TestSpec" time="0.083" tests="1" errors="0" skipped="0" failures="0">
  <properties>
    <property name="gopherProxySet" value="false"/>
    <property name="awt.toolkit" value="sun.lwawt.macosx.LWCToolkit"/>
    <property name="file.encoding.pkg" value="sun.io"/>
    <property name="java.specification.version" value="1.8"/>
    <property name="sun.cpu.isalist" value=""/>
    <property name="sun.jnu.encoding" value="UTF-8"/>
    <property name="java.class.path" value="/Users/rdanner/crafter-installs/develop-ent/craftercms/crafter-authoring/data/repos/sites/junit/sandbox/scripts/test/target/test-classes:/Users/rdanner/crafter-installs/develop-ent/craftercms/crafter-authoring/data/repos/sites/junit/sandbox/scripts/test/target/classes:/Users/rdanner/.m2/repository/org/codehaus/groovy/groovy/2.5.4/groovy-2.5.4.jar:/Users/rdanner/.m2/repository/org/codehaus/groovy/groovy-ant/2.5.4/groovy-ant-2.5.4.jar:/Users/rdanner/.m2/repository/org/apache/ant/ant/1.9.13/ant-1.9.13.jar:/Users/rdanner/.m2/repository/org/apache/ant/ant-junit/1.9.13/ant-junit-1.9.13.jar:/Users/rdanner/.m2/repository/org/apache/ant/ant-launcher/1.9.13/ant-launcher-1.9.13.jar:/Users/rdanner/.m2/repository/org/apache/ant/ant-antlr/1.9.13/ant-antlr-1.9.13.jar:/Users/rdanner/.m2/repository/org/codehaus/groovy/groovy-cli-commons/2.5.4/groovy-cli-commons-2.5.4.jar:/Users/rdanner/.m2/repository/commons-cli/commons-cli/1.4/commons-cli-1.4.jar:/Users/rdanner/.m2/repository/org/codehaus/groovy/groovy-cli-picocli/2.5.4/groovy-cli-picocli-2.5.4.jar:/Users/rdanner/.m2/repository/info/picocli/picocli/3.7.0/picocli-3.7.0.jar:/Users/rdanner/.m2/repository/org/codehaus/groovy/groovy-console/2.5.4/groovy-console-2.5.4.jar:/Users/rdanner/.m2/repository/org/codehaus/groovy/groovy-datetime/2.5.4/groovy-datetime-2.5.4.jar:/Users/rdanner/.m2/repository/org/codehaus/groovy/groovy-docgenerator/2.5.4/groovy-docgenerator-2.5.4.jar:/Users/rdanner/.m2/repository/com/thoughtworks/qdox/qdox/1.12.1/qdox-1.12.1.jar:/Users/rdanner/.m2/repository/org/codehaus/groovy/groovy-groovydoc/2.5.4/groovy-groovydoc-2.5.4.jar:/Users/rdanner/.m2/repository/org/codehaus/groovy/groovy-groovysh/2.5.4/groovy-groovysh-2.5.4.jar:/Users/rdanner/.m2/repository/jline/jline/2.14.6/jline-2.14.6.jar:/Users/rdanner/.m2/repository/org/codehaus/groovy/groovy-jmx/2.5.4/groovy-jmx-2.5.4.jar:/Users/rdanner/.m2/repository/org/codehaus/groovy/groovy-json/2.5.4/groovy-json-2.5.4.jar:/Users/rdanner/.m2/repository/org/codehaus/groovy/groovy-jsr223/2.5.4/groovy-jsr223-2.5.4.jar:/Users/rdanner/.m2/repository/org/codehaus/groovy/groovy-macro/2.5.4/groovy-macro-2.5.4.jar:/Users/rdanner/.m2/repository/org/codehaus/groovy/groovy-nio/2.5.4/groovy-nio-2.5.4.jar:/Users/rdanner/.m2/repository/org/codehaus/groovy/groovy-servlet/2.5.4/groovy-servlet-2.5.4.jar:/Users/rdanner/.m2/repository/org/codehaus/groovy/groovy-sql/2.5.4/groovy-sql-2.5.4.jar:/Users/rdanner/.m2/repository/org/codehaus/groovy/groovy-swing/2.5.4/groovy-swing-2.5.4.jar:/Users/rdanner/.m2/repository/org/codehaus/groovy/groovy-templates/2.5.4/groovy-templates-2.5.4.jar:/Users/rdanner/.m2/repository/org/codehaus/groovy/groovy-test/2.5.4/groovy-test-2.5.4.jar:/Users/rdanner/.m2/repository/org/codehaus/groovy/groovy-test-junit5/2.5.4/groovy-test-junit5-2.5.4.jar:/Users/rdanner/.m2/repository/org/junit/platform/junit-platform-launcher/1.3.1/junit-platform-launcher-1.3.1.jar:/Users/rdanner/.m2/repository/org/apiguardian/apiguardian-api/1.0.0/apiguardian-api-1.0.0.jar:/Users/rdanner/.m2/repository/org/junit/platform/junit-platform-engine/1.3.1/junit-platform-engine-1.3.1.jar:/Users/rdanner/.m2/repository/org/junit/platform/junit-platform-commons/1.3.1/junit-platform-commons-1.3.1.jar:/Users/rdanner/.m2/repository/org/opentest4j/opentest4j/1.1.1/opentest4j-1.1.1.jar:/Users/rdanner/.m2/repository/org/junit/jupiter/junit-jupiter-engine/5.3.1/junit-jupiter-engine-5.3.1.jar:/Users/rdanner/.m2/repository/org/junit/jupiter/junit-jupiter-api/5.3.1/junit-jupiter-api-5.3.1.jar:/Users/rdanner/.m2/repository/org/codehaus/groovy/groovy-testng/2.5.4/groovy-testng-2.5.4.jar:/Users/rdanner/.m2/repository/org/testng/testng/6.13.1/testng-6.13.1.jar:/Users/rdanner/.m2/repository/com/beust/jcommander/1.72/jcommander-1.72.jar:/Users/rdanner/.m2/repository/org/codehaus/groovy/groovy-xml/2.5.4/groovy-xml-2.5.4.jar:/Users/rdanner/.m2/repository/org/spockframework/spock-core/1.3-groovy-2.5/spock-core-1.3-groovy-2.5.jar:/Users/rdanner/.m2/repository/junit/junit/4.12/junit-4.12.jar:/Users/rdanner/.m2/repository/org/hamcrest/hamcrest-core/1.3/hamcrest-core-1.3.jar:"/>
    <property name="java.vm.vendor" value="AdoptOpenJDK"/>
    <property name="sun.arch.data.model" value="64"/>
    <property name="java.vendor.url" value="http://java.oracle.com/"/>
    <property name="user.timezone" value=""/>
    <property name="java.vm.specification.version" value="1.8"/>
    <property name="os.name" value="Mac OS X"/>
    <property name="user.country" value="US"/>
    <property name="sun.java.launcher" value="SUN_STANDARD"/>
    <property name="sun.boot.library.path" value="/Library/Java/JavaVirtualMachines/adoptopenjdk-8.jdk/Contents/Home/jre/lib"/>
    <property name="sun.java.command" value="/Users/rdanner/crafter-installs/develop-ent/craftercms/crafter-authoring/data/repos/sites/junit/sandbox/scripts/test/target/surefire/surefirebooter2625681317713060913.jar /Users/rdanner/crafter-installs/develop-ent/craftercms/crafter-authoring/data/repos/sites/junit/sandbox/scripts/test/target/surefire 2020-02-04T12-32-11_443-jvmRun1 surefire340034438604988537tmp surefire_08683858023899519609tmp"/>
    <property name="http.nonProxyHosts" value="local|*.local|169.254/16|*.169.254/16"/>
    <property name="surefire.test.class.path" value="/Users/rdanner/crafter-installs/develop-ent/craftercms/crafter-authoring/data/repos/sites/junit/sandbox/scripts/test/target/test-classes:/Users/rdanner/crafter-installs/develop-ent/craftercms/crafter-authoring/data/repos/sites/junit/sandbox/scripts/test/target/classes:/Users/rdanner/.m2/repository/org/codehaus/groovy/groovy/2.5.4/groovy-2.5.4.jar:/Users/rdanner/.m2/repository/org/codehaus/groovy/groovy-ant/2.5.4/groovy-ant-2.5.4.jar:/Users/rdanner/.m2/repository/org/apache/ant/ant/1.9.13/ant-1.9.13.jar:/Users/rdanner/.m2/repository/org/apache/ant/ant-junit/1.9.13/ant-junit-1.9.13.jar:/Users/rdanner/.m2/repository/org/apache/ant/ant-launcher/1.9.13/ant-launcher-1.9.13.jar:/Users/rdanner/.m2/repository/org/apache/ant/ant-antlr/1.9.13/ant-antlr-1.9.13.jar:/Users/rdanner/.m2/repository/org/codehaus/groovy/groovy-cli-commons/2.5.4/groovy-cli-commons-2.5.4.jar:/Users/rdanner/.m2/repository/commons-cli/commons-cli/1.4/commons-cli-1.4.jar:/Users/rdanner/.m2/repository/org/codehaus/groovy/groovy-cli-picocli/2.5.4/groovy-cli-picocli-2.5.4.jar:/Users/rdanner/.m2/repository/info/picocli/picocli/3.7.0/picocli-3.7.0.jar:/Users/rdanner/.m2/repository/org/codehaus/groovy/groovy-console/2.5.4/groovy-console-2.5.4.jar:/Users/rdanner/.m2/repository/org/codehaus/groovy/groovy-datetime/2.5.4/groovy-datetime-2.5.4.jar:/Users/rdanner/.m2/repository/org/codehaus/groovy/groovy-docgenerator/2.5.4/groovy-docgenerator-2.5.4.jar:/Users/rdanner/.m2/repository/com/thoughtworks/qdox/qdox/1.12.1/qdox-1.12.1.jar:/Users/rdanner/.m2/repository/org/codehaus/groovy/groovy-groovydoc/2.5.4/groovy-groovydoc-2.5.4.jar:/Users/rdanner/.m2/repository/org/codehaus/groovy/groovy-groovysh/2.5.4/groovy-groovysh-2.5.4.jar:/Users/rdanner/.m2/repository/jline/jline/2.14.6/jline-2.14.6.jar:/Users/rdanner/.m2/repository/org/codehaus/groovy/groovy-jmx/2.5.4/groovy-jmx-2.5.4.jar:/Users/rdanner/.m2/repository/org/codehaus/groovy/groovy-json/2.5.4/groovy-json-2.5.4.jar:/Users/rdanner/.m2/repository/org/codehaus/groovy/groovy-jsr223/2.5.4/groovy-jsr223-2.5.4.jar:/Users/rdanner/.m2/repository/org/codehaus/groovy/groovy-macro/2.5.4/groovy-macro-2.5.4.jar:/Users/rdanner/.m2/repository/org/codehaus/groovy/groovy-nio/2.5.4/groovy-nio-2.5.4.jar:/Users/rdanner/.m2/repository/org/codehaus/groovy/groovy-servlet/2.5.4/groovy-servlet-2.5.4.jar:/Users/rdanner/.m2/repository/org/codehaus/groovy/groovy-sql/2.5.4/groovy-sql-2.5.4.jar:/Users/rdanner/.m2/repository/org/codehaus/groovy/groovy-swing/2.5.4/groovy-swing-2.5.4.jar:/Users/rdanner/.m2/repository/org/codehaus/groovy/groovy-templates/2.5.4/groovy-templates-2.5.4.jar:/Users/rdanner/.m2/repository/org/codehaus/groovy/groovy-test/2.5.4/groovy-test-2.5.4.jar:/Users/rdanner/.m2/repository/org/codehaus/groovy/groovy-test-junit5/2.5.4/groovy-test-junit5-2.5.4.jar:/Users/rdanner/.m2/repository/org/junit/platform/junit-platform-launcher/1.3.1/junit-platform-launcher-1.3.1.jar:/Users/rdanner/.m2/repository/org/apiguardian/apiguardian-api/1.0.0/apiguardian-api-1.0.0.jar:/Users/rdanner/.m2/repository/org/junit/platform/junit-platform-engine/1.3.1/junit-platform-engine-1.3.1.jar:/Users/rdanner/.m2/repository/org/junit/platform/junit-platform-commons/1.3.1/junit-platform-commons-1.3.1.jar:/Users/rdanner/.m2/repository/org/opentest4j/opentest4j/1.1.1/opentest4j-1.1.1.jar:/Users/rdanner/.m2/repository/org/junit/jupiter/junit-jupiter-engine/5.3.1/junit-jupiter-engine-5.3.1.jar:/Users/rdanner/.m2/repository/org/junit/jupiter/junit-jupiter-api/5.3.1/junit-jupiter-api-5.3.1.jar:/Users/rdanner/.m2/repository/org/codehaus/groovy/groovy-testng/2.5.4/groovy-testng-2.5.4.jar:/Users/rdanner/.m2/repository/org/testng/testng/6.13.1/testng-6.13.1.jar:/Users/rdanner/.m2/repository/com/beust/jcommander/1.72/jcommander-1.72.jar:/Users/rdanner/.m2/repository/org/codehaus/groovy/groovy-xml/2.5.4/groovy-xml-2.5.4.jar:/Users/rdanner/.m2/repository/org/spockframework/spock-core/1.3-groovy-2.5/spock-core-1.3-groovy-2.5.jar:/Users/rdanner/.m2/repository/junit/junit/4.12/junit-4.12.jar:/Users/rdanner/.m2/repository/org/hamcrest/hamcrest-core/1.3/hamcrest-core-1.3.jar:"/>
    <property name="sun.cpu.endian" value="little"/>
    <property name="user.home" value="/Users/rdanner"/>
    <property name="user.language" value="en"/>
    <property name="java.specification.vendor" value="Oracle Corporation"/>
    <property name="java.home" value="/Library/Java/JavaVirtualMachines/adoptopenjdk-8.jdk/Contents/Home/jre"/>
    <property name="basedir" value="/Users/rdanner/crafter-installs/develop-ent/craftercms/crafter-authoring/data/repos/sites/junit/sandbox/scripts/test"/>
    <property name="file.separator" value="/"/>
    <property name="line.separator" value="&#10;"/>
    <property name="java.vm.specification.vendor" value="Oracle Corporation"/>
    <property name="java.specification.name" value="Java Platform API Specification"/>
    <property name="java.awt.graphicsenv" value="sun.awt.CGraphicsEnvironment"/>
    <property name="surefire.real.class.path" value="/Users/rdanner/crafter-installs/develop-ent/craftercms/crafter-authoring/data/repos/sites/junit/sandbox/scripts/test/target/surefire/surefirebooter2625681317713060913.jar"/>
    <property name="sun.boot.class.path" value="/Library/Java/JavaVirtualMachines/adoptopenjdk-8.jdk/Contents/Home/jre/lib/resources.jar:/Library/Java/JavaVirtualMachines/adoptopenjdk-8.jdk/Contents/Home/jre/lib/rt.jar:/Library/Java/JavaVirtualMachines/adoptopenjdk-8.jdk/Contents/Home/jre/lib/sunrsasign.jar:/Library/Java/JavaVirtualMachines/adoptopenjdk-8.jdk/Contents/Home/jre/lib/jsse.jar:/Library/Java/JavaVirtualMachines/adoptopenjdk-8.jdk/Contents/Home/jre/lib/jce.jar:/Library/Java/JavaVirtualMachines/adoptopenjdk-8.jdk/Contents/Home/jre/lib/charsets.jar:/Library/Java/JavaVirtualMachines/adoptopenjdk-8.jdk/Contents/Home/jre/lib/jfr.jar:/Library/Java/JavaVirtualMachines/adoptopenjdk-8.jdk/Contents/Home/jre/classes"/>
    <property name="sun.management.compiler" value="HotSpot 64-Bit Tiered Compilers"/>
    <property name="ftp.nonProxyHosts" value="local|*.local|169.254/16|*.169.254/16"/>
    <property name="java.runtime.version" value="1.8.0_232-b09"/>
    <property name="user.name" value="rdanner"/>
    <property name="path.separator" value=":"/>
    <property name="os.version" value="10.14.6"/>
    <property name="java.endorsed.dirs" value="/Library/Java/JavaVirtualMachines/adoptopenjdk-8.jdk/Contents/Home/jre/lib/endorsed"/>
    <property name="java.runtime.name" value="OpenJDK Runtime Environment"/>
    <property name="file.encoding" value="UTF-8"/>
    <property name="java.vm.name" value="OpenJDK 64-Bit Server VM"/>
    <property name="localRepository" value="/Users/rdanner/.m2/repository"/>
    <property name="java.vendor.url.bug" value="http://bugreport.sun.com/bugreport/"/>
    <property name="java.io.tmpdir" value="/var/folders/sc/lfcf1lg110s7_7l6gfm0qy000000gn/T/"/>
    <property name="java.version" value="1.8.0_232"/>
    <property name="user.dir" value="/Users/rdanner/crafter-installs/develop-ent/craftercms/crafter-authoring/data/repos/sites/junit/sandbox/scripts/test"/>
    <property name="os.arch" value="x86_64"/>
    <property name="java.vm.specification.name" value="Java Virtual Machine Specification"/>
    <property name="java.awt.printerjob" value="sun.lwawt.macosx.CPrinterJob"/>
    <property name="sun.os.patch.level" value="unknown"/>
    <property name="java.library.path" value="/Users/rdanner/Library/Java/Extensions:/Library/Java/Extensions:/Network/Library/Java/Extensions:/System/Library/Java/Extensions:/usr/lib/java:."/>
    <property name="java.vm.info" value="mixed mode"/>
    <property name="java.vendor" value="AdoptOpenJDK"/>
    <property name="java.vm.version" value="25.232-b09"/>
    <property name="java.ext.dirs" value="/Users/rdanner/Library/Java/Extensions:/Library/Java/JavaVirtualMachines/adoptopenjdk-8.jdk/Contents/Home/jre/lib/ext:/Library/Java/Extensions:/Network/Library/Java/Extensions:/System/Library/Java/Extensions:/usr/lib/java"/>
    <property name="sun.io.unicode.encoding" value="UnicodeBig"/>
    <property name="java.class.version" value="52.0"/>
    <property name="socksNonProxyHosts" value="local|*.local|169.254/16|*.169.254/16"/>
  </properties>
  <testcase name="the output string is equals as the input" classname="pippo.TestSpec" time="0.076"/>
</testsuite>